<?xml version="1.0" encoding="UTF-8"?>
<!-- Generated by org.testng.reporters.JUnitXMLReporter -->
<testsuite hostname="Admin-PC" name="CRM Chrome Tests" tests="1" failures="1" timestamp="28 Jul 2019 16:20:35 GMT" time="44.475" errors="0">
  <testcase name="verifyHomePageUserNameTest" time="23.753" classname="com.MyTests.HomePageTest">
    <failure type="java.lang.NullPointerException">
      <![CDATA[java.lang.NullPointerException
	at com.MyPages.LoginPage.doLogin(LoginPage.java:45)
	at com.MyTests.HomePageTest.verifyHomePageUserNameTest(HomePageTest.java:24)
	at java.util.concurrent.FutureTask.run(FutureTask.java:266)
	at java.util.concurrent.ThreadPoolExecutor.runWorker(ThreadPoolExecutor.java:1149)
	at java.util.concurrent.ThreadPoolExecutor$Worker.run(ThreadPoolExecutor.java:624)
	at java.lang.Thread.run(Thread.java:748)
... Removed 16 stack frames]]>
    </failure>
  </testcase> <!-- verifyHomePageUserNameTest -->
</testsuite> <!-- CRM Chrome Tests -->
